
> (mlg "eve")

**ERROR in load: eve.ccg or eve.lisptokens or eve.ccg.lisp.
======================= l o a d i n g =======================================

Project eve files
-----------------------------------------------------------------------------
  Compiled/loaded grammar  : eve.ccg.lisp
       *CCG-GRAMMAR*       : 4054 entries
   *LEX-RULES-TABLE*       : 2 entries
=============================================================================
T
> (tr "eve" (read1 "eve.vmorphs"))

======================= l o a d i n g =======================================

Project eve files
-----------------------------------------------------------------------------
  Compiled/loaded grammar  : eve.ccg.lisp
       *CCG-GRAMMAR*       : 4054 entries
   *LEX-RULES-TABLE*       : 2 entries
=============================================================================

Summary of compiling type-raising for eve.ccg.lisp
Number of lexical entries                       : 4054
Number of lexical functions considered          : 3248
Number of second-order case functions generated : 2574
Number of paradigmatic functions out of them    : 367
Use (mergesave-tr <pn>) to merge and save the rules
 with current grammar to <pn>.ccg.lisp
NIL
> (mergesave-tr "eve-newtr")

Type-raising rules added at the end of *ccg-grammar*
compiled, subsumed and saved.
NIL
> (lg "eve-newtr")

======================= l o a d i n g =======================================

Project eve-newtr files
-----------------------------------------------------------------------------
  Compiled/loaded grammar  : eve-newtr.ccg.lisp
       *CCG-GRAMMAR*       : 4421 entries
   *LEX-RULES-TABLE*       : 369 entries
=============================================================================
T
> (status)


  do (rules) or (onoff) for rules and switches
  ---------------------------
  Any non-standard rule     ? NO
  Currently loaded grammar  : eve-newtr.ccg.lisp
 *CCG-GRAMMAR*              : 4421 items
 *LEX-RULES-TABLE*          : 369 items
 *CKY-HASHTABLE*            : 0 items
 *CKY-INPUT* for the table  : NIL 
  Most likely LF w/weight   : NIL 
  Its most likely derivation: NIL
  Sum of weighted counts    : 0.0 
  Most likely LF's cells    : NIL 
  Number of differing LFs   : 0 
  Most weighted derivation  : NIL 
  ---------------------------
NIL
> (dribble)
